android/MeditationRetreatTimer/app/build/intermediates/manifest_merge_blame_file/release/manifest-merger-blame-release-report.txt
1<?xml version="1.0" encoding="utf-8"?>
2<manifest xmlns:android="http://schemas.android.com/apk/res/android"
3    package="com.ape.meditationretreattimer"
4    android:versionCode="1"
5    android:versionName="1.0" >
6
7    <uses-sdk
8        android:minSdkVersion="26"
8-->src/main/AndroidManifest.xml
9        android:targetSdkVersion="33" />
9-->src/main/AndroidManifest.xml
10
11    <uses-permission android:name="android.permission.ACCESS_NOTIFICATION_POLICY" />
11-->src/main/AndroidManifest.xml:5:5-85
11-->src/main/AndroidManifest.xml:5:22-82
12
13    <permission
13-->[androidx.core:core:1.9.0] AndroidManifest.xml:22:5-24:47
14        android:name="com.ape.meditationretreattimer.DYNAMIC_RECEIVER_NOT_EXPORTED_PERMISSION"
14-->[androidx.core:core:1.9.0] AndroidManifest.xml:23:9-81
15        android:protectionLevel="signature" />
15-->[androidx.core:core:1.9.0] AndroidManifest.xml:24:9-44
16
17    <uses-permission android:name="com.ape.meditationretreattimer.DYNAMIC_RECEIVER_NOT_EXPORTED_PERMISSION" />
17-->[androidx.core:core:1.9.0] AndroidManifest.xml:26:5-97
17-->[androidx.core:core:1.9.0] AndroidManifest.xml:26:22-94
18
19    <application
19-->src/main/AndroidManifest.xml:7:5-38:19
20        android:name="com.ape.meditationretreattimer.MeditationRetreatTimerApplication"
20-->src/main/AndroidManifest.xml:8:9-88
21        android:allowBackup="true"
21-->src/main/AndroidManifest.xml:9:9-35
22        android:appComponentFactory="androidx.core.app.CoreComponentFactory"
22-->[androidx.core:core:1.9.0] AndroidManifest.xml:28:18-86
23        android:dataExtractionRules="@xml/data_extraction_rules"
23-->src/main/AndroidManifest.xml:10:9-65
24        android:extractNativeLibs="false"
25        android:fullBackupContent="@xml/backup_rules"
25-->src/main/AndroidManifest.xml:11:9-54
26        android:icon="@mipmap/ic_launcher"
26-->src/main/AndroidManifest.xml:12:9-43
27        android:label="@string/app_name"
27-->src/main/AndroidManifest.xml:13:9-41
28        android:supportsRtl="true"
28-->src/main/AndroidManifest.xml:14:9-35
29        android:theme="@style/Theme.MeditationRetreatTimer" >
29-->src/main/AndroidManifest.xml:15:9-60
30        <activity
30-->src/main/AndroidManifest.xml:17:9-20:58
31            android:name="com.ape.meditationretreattimer.SettingsActivity"
31-->src/main/AndroidManifest.xml:18:13-45
32            android:exported="false"
32-->src/main/AndroidManifest.xml:19:13-37
33            android:parentActivityName="com.ape.meditationretreattimer.HomeActivity" />
33-->src/main/AndroidManifest.xml:20:13-55
34        <activity
34-->src/main/AndroidManifest.xml:21:9-29:20
35            android:name="com.ape.meditationretreattimer.HomeActivity"
35-->src/main/AndroidManifest.xml:22:13-41
36            android:exported="true" >
36-->src/main/AndroidManifest.xml:23:13-36
37            <intent-filter>
37-->src/main/AndroidManifest.xml:24:13-28:29
38                <action android:name="android.intent.action.MAIN" />
38-->src/main/AndroidManifest.xml:25:17-69
38-->src/main/AndroidManifest.xml:25:25-66
39
40                <category android:name="android.intent.category.LAUNCHER" />
40-->src/main/AndroidManifest.xml:27:17-77
40-->src/main/AndroidManifest.xml:27:27-74
41            </intent-filter>
42        </activity>
43        <activity
43-->src/main/AndroidManifest.xml:30:9-33:58
44            android:name="com.ape.meditationretreattimer.EditTimerActivity"
44-->src/main/AndroidManifest.xml:31:13-46
45            android:exported="false"
45-->src/main/AndroidManifest.xml:32:13-37
46            android:parentActivityName="com.ape.meditationretreattimer.HomeActivity" />
46-->src/main/AndroidManifest.xml:33:13-55
47        <activity
47-->src/main/AndroidManifest.xml:34:9-37:58
48            android:name="com.ape.meditationretreattimer.PlayTimerActivity"
48-->src/main/AndroidManifest.xml:35:13-46
49            android:exported="false"
49-->src/main/AndroidManifest.xml:36:13-37
50            android:parentActivityName="com.ape.meditationretreattimer.HomeActivity" />
50-->src/main/AndroidManifest.xml:37:13-55
51
52        <service
52-->[androidx.room:room-runtime:2.5.0] AndroidManifest.xml:24:9-28:63
53            android:name="androidx.room.MultiInstanceInvalidationService"
53-->[androidx.room:room-runtime:2.5.0] AndroidManifest.xml:25:13-74
54            android:directBootAware="true"
54-->[androidx.room:room-runtime:2.5.0] AndroidManifest.xml:26:13-43
55            android:exported="false" />
55-->[androidx.room:room-runtime:2.5.0] AndroidManifest.xml:27:13-37
56
57        <provider
57-->[androidx.emoji2:emoji2:1.2.0] AndroidManifest.xml:24:9-32:20
58            android:name="androidx.startup.InitializationProvider"
58-->[androidx.emoji2:emoji2:1.2.0] AndroidManifest.xml:25:13-67
59            android:authorities="com.ape.meditationretreattimer.androidx-startup"
59-->[androidx.emoji2:emoji2:1.2.0] AndroidManifest.xml:26:13-68
60            android:exported="false" >
60-->[androidx.emoji2:emoji2:1.2.0] AndroidManifest.xml:27:13-37
61            <meta-data
61-->[androidx.emoji2:emoji2:1.2.0] AndroidManifest.xml:29:13-31:52
62                android:name="androidx.emoji2.text.EmojiCompatInitializer"
62-->[androidx.emoji2:emoji2:1.2.0] AndroidManifest.xml:30:17-75
63                android:value="androidx.startup" />
63-->[androidx.emoji2:emoji2:1.2.0] AndroidManifest.xml:31:17-49
64            <meta-data
64-->[androidx.lifecycle:lifecycle-process:2.4.1] AndroidManifest.xml:31:13-33:52
65                android:name="androidx.lifecycle.ProcessLifecycleInitializer"
65-->[androidx.lifecycle:lifecycle-process:2.4.1] AndroidManifest.xml:32:17-78
66                android:value="androidx.startup" />
66-->[androidx.lifecycle:lifecycle-process:2.4.1] AndroidManifest.xml:33:17-49
67        </provider>
68    </application>
69
70</manifest>